<?xml version="1.0" encoding="UTF-8"?>
<!-- Generated by org.testng.reporters.JUnitReportReporter -->
<testsuite hostname="LAPTOP-H79FVVKT" failures="0" tests="2" name="Assignment.Selenium.Demotwo" time="0.016" errors="0" timestamp="2022-02-24T13:56:01 IST" skipped="0">
  <testcase classname="Assignment.Selenium.Demotwo" name="testRegistration" time="0.014"/>
  <system-out/>
  <testcase classname="Assignment.Selenium.Demotwo" name="testLogin" time="0.002"/>
  <system-out/>
</testsuite> <!-- Assignment.Selenium.Demotwo -->
