<?xml version="1.0" encoding="UTF-8"?>
<!-- Generated by org.testng.reporters.JUnitReportReporter -->
<testsuite hostname="LAPTOP-H79FVVKT" failures="0" tests="1" name="Assignment.Selenium.DemoApi" time="14.117" errors="0" timestamp="2022-02-25T11:57:56 IST" skipped="0">
  <testcase classname="Assignment.Selenium.DemoApi" name="getRequest" time="14.117"/>
  <system-out/>
</testsuite> <!-- Assignment.Selenium.DemoApi -->
